<?xml version="1.0" encoding="UTF-8"?>
<!-- Generated by org.testng.reporters.JUnitReportReporter -->
<testsuite hostname="LAPTOP-DK38VD03" failures="0" tests="1" name="com.redbus.qa.TestPages.HomePageTest" time="6.777" errors="0" timestamp="2023-10-12T15:49:35 IST" skipped="0">
  <testcase classname="com.redbus.qa.TestPages.HomePageTest" name="myaccountlink" time="6.777"/>
  <system-out/>
</testsuite> <!-- com.redbus.qa.TestPages.HomePageTest -->
